C:\USERS\MARK\DOCUMENTS\VISUAL STUDIO 2010\PROJECTS\LAB3E\DEBUG\LAB3E.EXE
C:\USERS\MARK\DOCUMENTS\VISUAL STUDIO 2010\PROJECTS\LAB3E\DEBUG\LAB3E.ILK
C:\USERS\MARK\DOCUMENTS\VISUAL STUDIO 2010\PROJECTS\LAB3E\DEBUG\LAB3E.PDB
C:\USERS\MARK\DOCUMENTS\VISUAL STUDIO 2010\PROJECTS\LAB3E\LAB3E\DEBUG\LAB3E.EXE.INTERMEDIATE.MANIFEST
C:\USERS\MARK\DOCUMENTS\VISUAL STUDIO 2010\PROJECTS\LAB3E\LAB3E\DEBUG\MAIN.OBJ
C:\USERS\MARK\DOCUMENTS\VISUAL STUDIO 2010\PROJECTS\LAB3E\LAB3E\DEBUG\VC100.PDB
C:\USERS\MARK\DOCUMENTS\WORK\TEACHING\2013-2014\AG0800A\CODE\LAB 2 INPUT\DEBUG\LAB3E.EXE
C:\USERS\MARK\DOCUMENTS\WORK\TEACHING\2013-2014\AG0800A\CODE\LAB 2 INPUT\DEBUG\LAB3E.ILK
C:\USERS\MARK\DOCUMENTS\WORK\TEACHING\2013-2014\AG0800A\CODE\LAB 2 INPUT\DEBUG\LAB3E.PDB
C:\USERS\MARK\DOCUMENTS\WORK\TEACHING\2013-2014\AG0800A\CODE\LAB 2 INPUT\LAB3E\DEBUG\INPUT.OBJ
C:\USERS\MARK\DOCUMENTS\WORK\TEACHING\2013-2014\AG0800A\CODE\LAB 2 INPUT\LAB3E\DEBUG\LAB3E.EXE.INTERMEDIATE.MANIFEST
C:\USERS\MARK\DOCUMENTS\WORK\TEACHING\2013-2014\AG0800A\CODE\LAB 2 INPUT\LAB3E\DEBUG\MAIN.OBJ
C:\USERS\MARK\DOCUMENTS\WORK\TEACHING\2013-2014\AG0800A\CODE\LAB 2 INPUT\LAB3E\DEBUG\VC100.PDB
C:\USERS\MARK\DOCUMENTS\WORK\TEACHING\2013-2014\AG0800A\CODE\LAB 3 DOUBLE BUFFERING\DEBUG\LAB3E.EXE
C:\USERS\MARK\DOCUMENTS\WORK\TEACHING\2013-2014\AG0800A\CODE\LAB 3 DOUBLE BUFFERING\DEBUG\LAB3E.ILK
C:\USERS\MARK\DOCUMENTS\WORK\TEACHING\2013-2014\AG0800A\CODE\LAB 3 DOUBLE BUFFERING\DEBUG\LAB3E.PDB
C:\USERS\MARK\DOCUMENTS\WORK\TEACHING\2013-2014\AG0800A\CODE\LAB 3 DOUBLE BUFFERING\LAB3E\DEBUG\INPUT.OBJ
C:\USERS\MARK\DOCUMENTS\WORK\TEACHING\2013-2014\AG0800A\CODE\LAB 3 DOUBLE BUFFERING\LAB3E\DEBUG\LAB3E.EXE.INTERMEDIATE.MANIFEST
C:\USERS\MARK\DOCUMENTS\WORK\TEACHING\2013-2014\AG0800A\CODE\LAB 3 DOUBLE BUFFERING\LAB3E\DEBUG\MAIN.OBJ
C:\USERS\MARK\DOCUMENTS\WORK\TEACHING\2013-2014\AG0800A\CODE\LAB 3 DOUBLE BUFFERING\LAB3E\DEBUG\SCENE.OBJ
C:\USERS\MARK\DOCUMENTS\WORK\TEACHING\2013-2014\AG0800A\CODE\LAB 3 DOUBLE BUFFERING\LAB3E\DEBUG\VC100.PDB
C:\USERS\MARK\DOCUMENTS\WORK\TEACHING\2013-2014\AG0800A\CODE\LAB 3 SPRITE CLASS\DEBUG\LAB3E.EXE
C:\USERS\MARK\DOCUMENTS\WORK\TEACHING\2013-2014\AG0800A\CODE\LAB 3 SPRITE CLASS\DEBUG\LAB3E.ILK
C:\USERS\MARK\DOCUMENTS\WORK\TEACHING\2013-2014\AG0800A\CODE\LAB 3 SPRITE CLASS\DEBUG\LAB3E.PDB
C:\Users\Mark\Documents\Work\Teaching\2013-2014\AG0800a\Code\Lab 3 Sprite Class\Lab3e\Debug\cl.command.1.tlog
C:\Users\Mark\Documents\Work\Teaching\2013-2014\AG0800a\Code\Lab 3 Sprite Class\Lab3e\Debug\CL.read.1.tlog
C:\Users\Mark\Documents\Work\Teaching\2013-2014\AG0800a\Code\Lab 3 Sprite Class\Lab3e\Debug\CL.write.1.tlog
C:\USERS\MARK\DOCUMENTS\WORK\TEACHING\2013-2014\AG0800A\CODE\LAB 3 SPRITE CLASS\LAB3E\DEBUG\INPUT.OBJ
C:\USERS\MARK\DOCUMENTS\WORK\TEACHING\2013-2014\AG0800A\CODE\LAB 3 SPRITE CLASS\LAB3E\DEBUG\LAB3E.EXE.INTERMEDIATE.MANIFEST
C:\Users\Mark\Documents\Work\Teaching\2013-2014\AG0800a\Code\Lab 3 Sprite Class\Lab3e\Debug\Lab3e.vcxprojResolveAssemblyReference.cache
C:\Users\Mark\Documents\Work\Teaching\2013-2014\AG0800a\Code\Lab 3 Sprite Class\Lab3e\Debug\Lab3e.write.1.tlog
C:\Users\Mark\Documents\Work\Teaching\2013-2014\AG0800a\Code\Lab 3 Sprite Class\Lab3e\Debug\link.command.1.tlog
C:\Users\Mark\Documents\Work\Teaching\2013-2014\AG0800a\Code\Lab 3 Sprite Class\Lab3e\Debug\link.read.1.tlog
C:\Users\Mark\Documents\Work\Teaching\2013-2014\AG0800a\Code\Lab 3 Sprite Class\Lab3e\Debug\link.write.1.tlog
C:\USERS\MARK\DOCUMENTS\WORK\TEACHING\2013-2014\AG0800A\CODE\LAB 3 SPRITE CLASS\LAB3E\DEBUG\MAIN.OBJ
C:\Users\Mark\Documents\Work\Teaching\2013-2014\AG0800a\Code\Lab 3 Sprite Class\Lab3e\Debug\mt.command.1.tlog
C:\Users\Mark\Documents\Work\Teaching\2013-2014\AG0800a\Code\Lab 3 Sprite Class\Lab3e\Debug\mt.read.1.tlog
C:\Users\Mark\Documents\Work\Teaching\2013-2014\AG0800a\Code\Lab 3 Sprite Class\Lab3e\Debug\mt.write.1.tlog
C:\USERS\MARK\DOCUMENTS\WORK\TEACHING\2013-2014\AG0800A\CODE\LAB 3 SPRITE CLASS\LAB3E\DEBUG\SCENE.OBJ
C:\USERS\MARK\DOCUMENTS\WORK\TEACHING\2013-2014\AG0800A\CODE\LAB 3 SPRITE CLASS\LAB3E\DEBUG\SPRITE.OBJ
C:\Users\Mark\Documents\Work\Teaching\2013-2014\AG0800a\Code\Lab 3 Sprite Class\Lab3e\Debug\vc100.idb
C:\USERS\MARK\DOCUMENTS\WORK\TEACHING\2013-2014\AG0800A\CODE\LAB 3 SPRITE CLASS\LAB3E\DEBUG\VC100.PDB
C:\USERS\MARK\DOCUMENTS\WORK\TEACHING\2013-2014\AG0800A\SEMESTER 1\3\LAB3E\DEBUG\LAB3E.EXE
C:\USERS\MARK\DOCUMENTS\WORK\TEACHING\2013-2014\AG0800A\SEMESTER 1\3\LAB3E\DEBUG\LAB3E.ILK
C:\USERS\MARK\DOCUMENTS\WORK\TEACHING\2013-2014\AG0800A\SEMESTER 1\3\LAB3E\DEBUG\LAB3E.PDB
C:\USERS\MARK\DOCUMENTS\WORK\TEACHING\2013-2014\AG0800A\SEMESTER 1\3\LAB3E\LAB3E\DEBUG\INPUT.OBJ
C:\USERS\MARK\DOCUMENTS\WORK\TEACHING\2013-2014\AG0800A\SEMESTER 1\3\LAB3E\LAB3E\DEBUG\LAB3E.EXE.INTERMEDIATE.MANIFEST
C:\USERS\MARK\DOCUMENTS\WORK\TEACHING\2013-2014\AG0800A\SEMESTER 1\3\LAB3E\LAB3E\DEBUG\MAIN.OBJ
C:\USERS\MARK\DOCUMENTS\WORK\TEACHING\2013-2014\AG0800A\SEMESTER 1\3\LAB3E\LAB3E\DEBUG\VC100.PDB
